<?xml version="1.0" encoding="UTF-8"?>
<testng-results skipped="1" failed="0" total="1" passed="0">
  <reporter-output>
  </reporter-output>
  <suite name="Test_Scenarios" duration-ms="3385" started-at="2018-11-01T17:32:30Z" finished-at="2018-11-01T17:32:34Z">
    <groups>
    </groups>
    <test name="Chrome" duration-ms="3385" started-at="2018-11-01T17:32:30Z" finished-at="2018-11-01T17:32:34Z">
      <class name="com.newdemo.test.CM_Scenarios">
        <test-method status="FAIL" signature="LaunchBrowser(java.lang.String, java.lang.String, java.lang.String, java.lang.String)[pri:0, instance:com.newdemo.test.CM_Scenarios@4dfa3a9d]" name="LaunchBrowser" is-config="true" duration-ms="0" started-at="2018-11-01T10:32:30Z" finished-at="2018-11-01T10:32:30Z">
          <params>
            <param index="0">
              <value>
                <![CDATA[chrome]]>
              </value>
            </param>
            <param index="1">
              <value>
                <![CDATA[]]>
              </value>
            </param>
            <param index="2">
              <value>
                <![CDATA[Datasheet_ChatperMark.xls]]>
              </value>
            </param>
            <param index="3">
              <value>
                <![CDATA[Chapter Mark Smoke Test]]>
              </value>
            </param>
          </params>
          <exception class="java.io.FileNotFoundException">
            <message>
              <![CDATA[.\Results\11-01-2018\11-01-2018_10-32_AM\ModuleRunResult 11-01-2018 10-32 AM.html (The system cannot find the path specified)]]>
            </message>
            <full-stacktrace>
              <![CDATA[java.io.FileNotFoundException: .\Results\11-01-2018\11-01-2018_10-32_AM\ModuleRunResult 11-01-2018 10-32 AM.html (The system cannot find the path specified)
	at java.io.FileOutputStream.open0(Native Method)
	at java.io.FileOutputStream.open(Unknown Source)
	at java.io.FileOutputStream.<init>(Unknown Source)
	at java.io.FileOutputStream.<init>(Unknown Source)
	at java.io.PrintWriter.<init>(Unknown Source)
	at java.io.PrintWriter.<init>(Unknown Source)
	at com.newdemo.framework.base.HTMLFunctions.CreateResultFile(HTMLFunctions.java:108)
	at com.newdemo.framework.base.ScriptBase.LaunchBrowser(ScriptBase.java:109)
	at sun.reflect.NativeMethodAccessorImpl.invoke0(Native Method)
	at sun.reflect.NativeMethodAccessorImpl.invoke(Unknown Source)
	at sun.reflect.DelegatingMethodAccessorImpl.invoke(Unknown Source)
	at java.lang.reflect.Method.invoke(Unknown Source)
	at org.testng.internal.MethodInvocationHelper.invokeMethod(MethodInvocationHelper.java:84)
	at org.testng.internal.Invoker.invokeConfigurationMethod(Invoker.java:564)
	at org.testng.internal.Invoker.invokeConfigurations(Invoker.java:213)
	at org.testng.internal.Invoker.invokeConfigurations(Invoker.java:138)
	at org.testng.internal.TestMethodWorker.invokeBeforeClassMethods(TestMethodWorker.java:175)
	at org.testng.internal.TestMethodWorker.run(TestMethodWorker.java:107)
	at org.testng.TestRunner.privateRun(TestRunner.java:767)
	at org.testng.TestRunner.run(TestRunner.java:617)
	at org.testng.SuiteRunner.runTest(SuiteRunner.java:348)
	at org.testng.SuiteRunner.access$000(SuiteRunner.java:38)
	at org.testng.SuiteRunner$SuiteWorker.run(SuiteRunner.java:382)
	at org.testng.internal.thread.ThreadUtil$2.call(ThreadUtil.java:64)
	at java.util.concurrent.FutureTask.run(Unknown Source)
	at java.util.concurrent.ThreadPoolExecutor.runWorker(Unknown Source)
	at java.util.concurrent.ThreadPoolExecutor$Worker.run(Unknown Source)
	at java.lang.Thread.run(Unknown Source)
]]>
            </full-stacktrace>
          </exception> <!-- java.io.FileNotFoundException -->
          <reporter-output>
          </reporter-output>
        </test-method> <!-- LaunchBrowser -->
        <test-method status="SKIP" signature="PositiveFlow_1_CMAndMPIntegration_ApproveNo()[pri:0, instance:com.newdemo.test.CM_Scenarios@4dfa3a9d]" name="PositiveFlow_1_CMAndMPIntegration_ApproveNo" duration-ms="3" started-at="2018-11-01T10:32:34Z" finished-at="2018-11-01T10:32:34Z">
          <reporter-output>
          </reporter-output>
        </test-method> <!-- PositiveFlow_1_CMAndMPIntegration_ApproveNo -->
      </class> <!-- com.newdemo.test.CM_Scenarios -->
    </test> <!-- Chrome -->
  </suite> <!-- Test_Scenarios -->
</testng-results>
